<?xml version="1.0" encoding="UTF-8"?>
<testng-results ignored="0" total="2" passed="2" failed="0" skipped="0">
  <reporter-output>
  </reporter-output>
  <suite started-at="2025-03-06T01:23:28 IST" name="Ecommerce Test Suite" finished-at="2025-03-06T01:24:17 IST" duration-ms="49129">
    <groups>
    </groups>
    <test started-at="2025-03-06T01:23:28 IST" name="Ecommerce Test" finished-at="2025-03-06T01:24:17 IST" duration-ms="49129">
      <class name="tests.EcommerceTest">
        <test-method is-config="true" signature="setup()[pri:0, instance:tests.EcommerceTest@42e99e4a]" started-at="2025-03-06T01:23:28 IST" name="setup" finished-at="2025-03-06T01:23:38 IST" duration-ms="9379" status="PASS">
          <reporter-output>
          </reporter-output>
        </test-method> <!-- setup -->
        <test-method signature="testEcommerceFlow(java.lang.String,java.lang.String,java.lang.String)[pri:0, instance:tests.EcommerceTest@42e99e4a]" started-at="2025-03-06T01:23:38 IST" name="testEcommerceFlow" data-provider="userData" finished-at="2025-03-06T01:23:57 IST" duration-ms="18840" status="PASS">
          <params>
            <param index="0">
              <value>
                <![CDATA[ajaygzb10@gmail.com]]>
              </value>
            </param>
            <param index="1">
              <value>
                <![CDATA[password]]>
              </value>
            </param>
            <param index="2">
              <value>
                <![CDATA[Blue Top]]>
              </value>
            </param>
          </params>
          <reporter-output>
          </reporter-output>
        </test-method> <!-- testEcommerceFlow -->
        <test-method signature="testEcommerceFlow(java.lang.String,java.lang.String,java.lang.String)[pri:0, instance:tests.EcommerceTest@42e99e4a]" started-at="2025-03-06T01:23:57 IST" name="testEcommerceFlow" data-provider="userData" finished-at="2025-03-06T01:24:17 IST" duration-ms="19677" status="PASS">
          <params>
            <param index="0">
              <value>
                <![CDATA[ajaygzb10@@gmail.com]]>
              </value>
            </param>
            <param index="1">
              <value>
                <![CDATA[password]]>
              </value>
            </param>
            <param index="2">
              <value>
                <![CDATA[Men Tshirt]]>
              </value>
            </param>
          </params>
          <reporter-output>
          </reporter-output>
        </test-method> <!-- testEcommerceFlow -->
        <test-method is-config="true" signature="teardown()[pri:0, instance:tests.EcommerceTest@42e99e4a]" started-at="2025-03-06T01:24:17 IST" name="teardown" finished-at="2025-03-06T01:24:17 IST" duration-ms="620" status="PASS">
          <reporter-output>
          </reporter-output>
        </test-method> <!-- teardown -->
      </class> <!-- tests.EcommerceTest -->
    </test> <!-- Ecommerce Test -->
  </suite> <!-- Ecommerce Test Suite -->
</testng-results>
